<?xml version="1.0" encoding="UTF-8"?>
<testsuite xmlns:xsi="http://www.w3.org/2001/XMLSchema-instance" xsi:noNamespaceSchemaLocation="https://maven.apache.org/surefire/maven-surefire-plugin/xsd/surefire-test-report-3.0.xsd" version="3.0" name="com.gestorcoi.com.gestorcoi.AppTest" time="0.014" tests="1" errors="0" skipped="0" failures="0">
  <properties>
    <property name="sun.desktop" value="windows"/>
    <property name="awt.toolkit" value="sun.awt.windows.WToolkit"/>
    <property name="java.specification.version" value="11"/>
    <property name="sun.cpu.isalist" value="amd64"/>
    <property name="sun.jnu.encoding" value="Cp1252"/>
    <property name="java.class.path" value="C:\Users\E21057649\eclipse-workspace\com.gestorcoi\target\test-classes;C:\Users\E21057649\eclipse-workspace\com.gestorcoi\target\classes;C:\Users\E21057649\.m2\repository\org\hibernate\hibernate-core\3.6.3.Final\hibernate-core-3.6.3.Final.jar;C:\Users\E21057649\.m2\repository\antlr\antlr\2.7.6\antlr-2.7.6.jar;C:\Users\E21057649\.m2\repository\dom4j\dom4j\1.6.1\dom4j-1.6.1.jar;C:\Users\E21057649\.m2\repository\org\hibernate\hibernate-commons-annotations\3.2.0.Final\hibernate-commons-annotations-3.2.0.Final.jar;C:\Users\E21057649\.m2\repository\javax\transaction\jta\1.1\jta-1.1.jar;C:\Users\E21057649\.m2\repository\org\primefaces\primefaces\6.2\primefaces-6.2.jar;C:\Users\E21057649\.m2\repository\org\postgresql\postgresql\42.2.23\postgresql-42.2.23.jar;C:\Users\E21057649\.m2\repository\org\checkerframework\checker-qual\3.5.0\checker-qual-3.5.0.jar;C:\Users\E21057649\.m2\repository\net\sf\jasperreports\jasperreports\6.20.0\jasperreports-6.20.0.jar;C:\Users\E21057649\.m2\repository\commons-beanutils\commons-beanutils\1.9.4\commons-beanutils-1.9.4.jar;C:\Users\E21057649\.m2\repository\commons-digester\commons-digester\2.1\commons-digester-2.1.jar;C:\Users\E21057649\.m2\repository\org\apache\commons\commons-collections4\4.2\commons-collections4-4.2.jar;C:\Users\E21057649\.m2\repository\com\lowagie\itext\2.1.7.js10\itext-2.1.7.js10.jar;C:\Users\E21057649\.m2\repository\org\bouncycastle\bcprov-jdk15on\1.70\bcprov-jdk15on-1.70.jar;C:\Users\E21057649\.m2\repository\org\bouncycastle\bcutil-jdk15on\1.70\bcutil-jdk15on-1.70.jar;C:\Users\E21057649\.m2\repository\org\jfree\jcommon\1.0.23\jcommon-1.0.23.jar;C:\Users\E21057649\.m2\repository\org\jfree\jfreechart\1.0.19\jfreechart-1.0.19.jar;C:\Users\E21057649\.m2\repository\org\eclipse\jdt\ecj\3.21.0\ecj-3.21.0.jar;C:\Users\E21057649\.m2\repository\com\fasterxml\jackson\core\jackson-core\2.13.3\jackson-core-2.13.3.jar;C:\Users\E21057649\.m2\repository\com\fasterxml\jackson\core\jackson-databind\2.13.3\jackson-databind-2.13.3.jar;C:\Users\E21057649\.m2\repository\com\fasterxml\jackson\core\jackson-annotations\2.13.3\jackson-annotations-2.13.3.jar;C:\Users\E21057649\.m2\repository\com\fasterxml\jackson\dataformat\jackson-dataformat-xml\2.13.3\jackson-dataformat-xml-2.13.3.jar;C:\Users\E21057649\.m2\repository\org\codehaus\woodstox\stax2-api\4.2.1\stax2-api-4.2.1.jar;C:\Users\E21057649\.m2\repository\com\fasterxml\woodstox\woodstox-core\6.2.7\woodstox-core-6.2.7.jar;C:\Users\E21057649\.m2\repository\commons-collections\commons-collections\3.2.2\commons-collections-3.2.2.jar;C:\Users\E21057649\.m2\repository\commons-logging\commons-logging\1.1.1\commons-logging-1.1.1.jar;C:\Users\E21057649\.m2\repository\commons-lang\commons-lang\2.6\commons-lang-2.6.jar;C:\Users\E21057649\.m2\repository\commons-io\commons-io\2.8.0\commons-io-2.8.0.jar;C:\Users\E21057649\.m2\repository\junit\junit\3.8.1\junit-3.8.1.jar;C:\Users\E21057649\.m2\repository\org\slf4j\slf4j-api\1.7.30\slf4j-api-1.7.30.jar;C:\Users\E21057649\.m2\repository\org\slf4j\slf4j-simple\1.7.30\slf4j-simple-1.7.30.jar;C:\Users\E21057649\.m2\repository\org\apache\poi\poi\3.9\poi-3.9.jar;C:\Users\E21057649\.m2\repository\commons-codec\commons-codec\1.5\commons-codec-1.5.jar;C:\Users\E21057649\.m2\repository\org\apache\poi\poi-ooxml\3.9\poi-ooxml-3.9.jar;C:\Users\E21057649\.m2\repository\org\apache\poi\poi-ooxml-schemas\3.9\poi-ooxml-schemas-3.9.jar;C:\Users\E21057649\.m2\repository\org\apache\xmlbeans\xmlbeans\2.3.0\xmlbeans-2.3.0.jar;C:\Users\E21057649\.m2\repository\stax\stax-api\1.0.1\stax-api-1.0.1.jar;C:\Users\E21057649\.m2\repository\org\apache\tomcat\tomcat-jdbc\9.0.89\tomcat-jdbc-9.0.89.jar;C:\Users\E21057649\.m2\repository\org\apache\tomcat\tomcat-juli\9.0.89\tomcat-juli-9.0.89.jar;C:\Users\E21057649\.m2\repository\org\glassfish\javax.faces\2.2.20\javax.faces-2.2.20.jar;C:\Users\E21057649\.m2\repository\com\sun\mail\jakarta.mail\2.0.1\jakarta.mail-2.0.1.jar;C:\Users\E21057649\.m2\repository\com\sun\activation\jakarta.activation\2.0.1\jakarta.activation-2.0.1.jar;C:\Users\E21057649\.m2\repository\org\apache\tomcat\tomcat-dbcp\9.0.87\tomcat-dbcp-9.0.87.jar;C:\Users\E21057649\.m2\repository\javax\annotation\javax.annotation-api\1.3.2\javax.annotation-api-1.3.2.jar;C:\Users\E21057649\.m2\repository\javax\servlet\javax.servlet-api\3.0.1\javax.servlet-api-3.0.1.jar;C:\Users\E21057649\.m2\repository\org\springframework\spring-core\4.3.25.RELEASE\spring-core-4.3.25.RELEASE.jar;C:\Users\E21057649\.m2\repository\org\springframework\spring-beans\4.3.25.RELEASE\spring-beans-4.3.25.RELEASE.jar;C:\Users\E21057649\.m2\repository\org\springframework\spring-context\4.3.25.RELEASE\spring-context-4.3.25.RELEASE.jar;C:\Users\E21057649\.m2\repository\org\springframework\spring-aop\4.3.25.RELEASE\spring-aop-4.3.25.RELEASE.jar;C:\Users\E21057649\.m2\repository\org\springframework\spring-expression\4.3.25.RELEASE\spring-expression-4.3.25.RELEASE.jar;C:\Users\E21057649\.m2\repository\org\springframework\spring-web\4.3.25.RELEASE\spring-web-4.3.25.RELEASE.jar;C:\Users\E21057649\.m2\repository\org\springframework\spring-webmvc\4.3.25.RELEASE\spring-webmvc-4.3.25.RELEASE.jar;C:\Users\E21057649\.m2\repository\org\springframework\spring-jdbc\4.3.25.RELEASE\spring-jdbc-4.3.25.RELEASE.jar;C:\Users\E21057649\.m2\repository\org\springframework\spring-tx\4.3.25.RELEASE\spring-tx-4.3.25.RELEASE.jar;C:\Users\E21057649\.m2\repository\org\springframework\security\spring-security-core\4.2.20.RELEASE\spring-security-core-4.2.20.RELEASE.jar;C:\Users\E21057649\.m2\repository\aopalliance\aopalliance\1.0\aopalliance-1.0.jar;C:\Users\E21057649\.m2\repository\org\springframework\security\spring-security-web\4.2.20.RELEASE\spring-security-web-4.2.20.RELEASE.jar;C:\Users\E21057649\.m2\repository\org\springframework\security\spring-security-config\4.2.20.RELEASE\spring-security-config-4.2.20.RELEASE.jar;C:\Users\E21057649\.m2\repository\org\hibernate\javax\persistence\hibernate-jpa-2.0-api\1.0.0.Final\hibernate-jpa-2.0-api-1.0.0.Final.jar;"/>
    <property name="java.vm.vendor" value="Oracle Corporation"/>
    <property name="sun.arch.data.model" value="64"/>
    <property name="user.variant" value=""/>
    <property name="java.vendor.url" value="https://openjdk.java.net/"/>
    <property name="user.timezone" value="America/Sao_Paulo"/>
    <property name="java.vm.specification.version" value="11"/>
    <property name="os.name" value="Windows 11"/>
    <property name="sun.java.launcher" value="SUN_STANDARD"/>
    <property name="user.country" value="BR"/>
    <property name="sun.boot.library.path" value="C:\Users\E21057649\Documents\jdk-11.0.26\bin"/>
    <property name="sun.java.command" value="C:\Users\E21057649\AppData\Local\Temp\surefire5109929027531406313\surefirebooter-20250620150212050_3.jar C:\Users\E21057649\AppData\Local\Temp\surefire5109929027531406313 2025-06-20T15-02-11_688-jvmRun1 surefire-20250620150212050_1tmp surefire_0-20250620150212050_2tmp"/>
    <property name="jdk.debug" value="release"/>
    <property name="surefire.test.class.path" value="C:\Users\E21057649\eclipse-workspace\com.gestorcoi\target\test-classes;C:\Users\E21057649\eclipse-workspace\com.gestorcoi\target\classes;C:\Users\E21057649\.m2\repository\org\hibernate\hibernate-core\3.6.3.Final\hibernate-core-3.6.3.Final.jar;C:\Users\E21057649\.m2\repository\antlr\antlr\2.7.6\antlr-2.7.6.jar;C:\Users\E21057649\.m2\repository\dom4j\dom4j\1.6.1\dom4j-1.6.1.jar;C:\Users\E21057649\.m2\repository\org\hibernate\hibernate-commons-annotations\3.2.0.Final\hibernate-commons-annotations-3.2.0.Final.jar;C:\Users\E21057649\.m2\repository\javax\transaction\jta\1.1\jta-1.1.jar;C:\Users\E21057649\.m2\repository\org\primefaces\primefaces\6.2\primefaces-6.2.jar;C:\Users\E21057649\.m2\repository\org\postgresql\postgresql\42.2.23\postgresql-42.2.23.jar;C:\Users\E21057649\.m2\repository\org\checkerframework\checker-qual\3.5.0\checker-qual-3.5.0.jar;C:\Users\E21057649\.m2\repository\net\sf\jasperreports\jasperreports\6.20.0\jasperreports-6.20.0.jar;C:\Users\E21057649\.m2\repository\commons-beanutils\commons-beanutils\1.9.4\commons-beanutils-1.9.4.jar;C:\Users\E21057649\.m2\repository\commons-digester\commons-digester\2.1\commons-digester-2.1.jar;C:\Users\E21057649\.m2\repository\org\apache\commons\commons-collections4\4.2\commons-collections4-4.2.jar;C:\Users\E21057649\.m2\repository\com\lowagie\itext\2.1.7.js10\itext-2.1.7.js10.jar;C:\Users\E21057649\.m2\repository\org\bouncycastle\bcprov-jdk15on\1.70\bcprov-jdk15on-1.70.jar;C:\Users\E21057649\.m2\repository\org\bouncycastle\bcutil-jdk15on\1.70\bcutil-jdk15on-1.70.jar;C:\Users\E21057649\.m2\repository\org\jfree\jcommon\1.0.23\jcommon-1.0.23.jar;C:\Users\E21057649\.m2\repository\org\jfree\jfreechart\1.0.19\jfreechart-1.0.19.jar;C:\Users\E21057649\.m2\repository\org\eclipse\jdt\ecj\3.21.0\ecj-3.21.0.jar;C:\Users\E21057649\.m2\repository\com\fasterxml\jackson\core\jackson-core\2.13.3\jackson-core-2.13.3.jar;C:\Users\E21057649\.m2\repository\com\fasterxml\jackson\core\jackson-databind\2.13.3\jackson-databind-2.13.3.jar;C:\Users\E21057649\.m2\repository\com\fasterxml\jackson\core\jackson-annotations\2.13.3\jackson-annotations-2.13.3.jar;C:\Users\E21057649\.m2\repository\com\fasterxml\jackson\dataformat\jackson-dataformat-xml\2.13.3\jackson-dataformat-xml-2.13.3.jar;C:\Users\E21057649\.m2\repository\org\codehaus\woodstox\stax2-api\4.2.1\stax2-api-4.2.1.jar;C:\Users\E21057649\.m2\repository\com\fasterxml\woodstox\woodstox-core\6.2.7\woodstox-core-6.2.7.jar;C:\Users\E21057649\.m2\repository\commons-collections\commons-collections\3.2.2\commons-collections-3.2.2.jar;C:\Users\E21057649\.m2\repository\commons-logging\commons-logging\1.1.1\commons-logging-1.1.1.jar;C:\Users\E21057649\.m2\repository\commons-lang\commons-lang\2.6\commons-lang-2.6.jar;C:\Users\E21057649\.m2\repository\commons-io\commons-io\2.8.0\commons-io-2.8.0.jar;C:\Users\E21057649\.m2\repository\junit\junit\3.8.1\junit-3.8.1.jar;C:\Users\E21057649\.m2\repository\org\slf4j\slf4j-api\1.7.30\slf4j-api-1.7.30.jar;C:\Users\E21057649\.m2\repository\org\slf4j\slf4j-simple\1.7.30\slf4j-simple-1.7.30.jar;C:\Users\E21057649\.m2\repository\org\apache\poi\poi\3.9\poi-3.9.jar;C:\Users\E21057649\.m2\repository\commons-codec\commons-codec\1.5\commons-codec-1.5.jar;C:\Users\E21057649\.m2\repository\org\apache\poi\poi-ooxml\3.9\poi-ooxml-3.9.jar;C:\Users\E21057649\.m2\repository\org\apache\poi\poi-ooxml-schemas\3.9\poi-ooxml-schemas-3.9.jar;C:\Users\E21057649\.m2\repository\org\apache\xmlbeans\xmlbeans\2.3.0\xmlbeans-2.3.0.jar;C:\Users\E21057649\.m2\repository\stax\stax-api\1.0.1\stax-api-1.0.1.jar;C:\Users\E21057649\.m2\repository\org\apache\tomcat\tomcat-jdbc\9.0.89\tomcat-jdbc-9.0.89.jar;C:\Users\E21057649\.m2\repository\org\apache\tomcat\tomcat-juli\9.0.89\tomcat-juli-9.0.89.jar;C:\Users\E21057649\.m2\repository\org\glassfish\javax.faces\2.2.20\javax.faces-2.2.20.jar;C:\Users\E21057649\.m2\repository\com\sun\mail\jakarta.mail\2.0.1\jakarta.mail-2.0.1.jar;C:\Users\E21057649\.m2\repository\com\sun\activation\jakarta.activation\2.0.1\jakarta.activation-2.0.1.jar;C:\Users\E21057649\.m2\repository\org\apache\tomcat\tomcat-dbcp\9.0.87\tomcat-dbcp-9.0.87.jar;C:\Users\E21057649\.m2\repository\javax\annotation\javax.annotation-api\1.3.2\javax.annotation-api-1.3.2.jar;C:\Users\E21057649\.m2\repository\javax\servlet\javax.servlet-api\3.0.1\javax.servlet-api-3.0.1.jar;C:\Users\E21057649\.m2\repository\org\springframework\spring-core\4.3.25.RELEASE\spring-core-4.3.25.RELEASE.jar;C:\Users\E21057649\.m2\repository\org\springframework\spring-beans\4.3.25.RELEASE\spring-beans-4.3.25.RELEASE.jar;C:\Users\E21057649\.m2\repository\org\springframework\spring-context\4.3.25.RELEASE\spring-context-4.3.25.RELEASE.jar;C:\Users\E21057649\.m2\repository\org\springframework\spring-aop\4.3.25.RELEASE\spring-aop-4.3.25.RELEASE.jar;C:\Users\E21057649\.m2\repository\org\springframework\spring-expression\4.3.25.RELEASE\spring-expression-4.3.25.RELEASE.jar;C:\Users\E21057649\.m2\repository\org\springframework\spring-web\4.3.25.RELEASE\spring-web-4.3.25.RELEASE.jar;C:\Users\E21057649\.m2\repository\org\springframework\spring-webmvc\4.3.25.RELEASE\spring-webmvc-4.3.25.RELEASE.jar;C:\Users\E21057649\.m2\repository\org\springframework\spring-jdbc\4.3.25.RELEASE\spring-jdbc-4.3.25.RELEASE.jar;C:\Users\E21057649\.m2\repository\org\springframework\spring-tx\4.3.25.RELEASE\spring-tx-4.3.25.RELEASE.jar;C:\Users\E21057649\.m2\repository\org\springframework\security\spring-security-core\4.2.20.RELEASE\spring-security-core-4.2.20.RELEASE.jar;C:\Users\E21057649\.m2\repository\aopalliance\aopalliance\1.0\aopalliance-1.0.jar;C:\Users\E21057649\.m2\repository\org\springframework\security\spring-security-web\4.2.20.RELEASE\spring-security-web-4.2.20.RELEASE.jar;C:\Users\E21057649\.m2\repository\org\springframework\security\spring-security-config\4.2.20.RELEASE\spring-security-config-4.2.20.RELEASE.jar;C:\Users\E21057649\.m2\repository\org\hibernate\javax\persistence\hibernate-jpa-2.0-api\1.0.0.Final\hibernate-jpa-2.0-api-1.0.0.Final.jar;"/>
    <property name="sun.cpu.endian" value="little"/>
    <property name="user.home" value="C:\Users\E21057649"/>
    <property name="user.language" value="pt"/>
    <property name="java.specification.vendor" value="Oracle Corporation"/>
    <property name="java.version.date" value="2025-01-21"/>
    <property name="java.home" value="C:\Users\E21057649\Documents\jdk-11.0.26"/>
    <property name="file.separator" value="\"/>
    <property name="basedir" value="C:\Users\E21057649\eclipse-workspace\com.gestorcoi"/>
    <property name="java.vm.compressedOopsMode" value="Zero based"/>
    <property name="line.separator" value="&#10;"/>
    <property name="java.specification.name" value="Java Platform API Specification"/>
    <property name="java.vm.specification.vendor" value="Oracle Corporation"/>
    <property name="java.awt.graphicsenv" value="sun.awt.Win32GraphicsEnvironment"/>
    <property name="surefire.real.class.path" value="C:\Users\E21057649\AppData\Local\Temp\surefire5109929027531406313\surefirebooter-20250620150212050_3.jar"/>
    <property name="user.script" value=""/>
    <property name="sun.management.compiler" value="HotSpot 64-Bit Tiered Compilers"/>
    <property name="java.runtime.version" value="11.0.26+7-LTS-187"/>
    <property name="user.name" value="e21057649"/>
    <property name="path.separator" value=";"/>
    <property name="os.version" value="10.0"/>
    <property name="java.runtime.name" value="Java(TM) SE Runtime Environment"/>
    <property name="file.encoding" value="Cp1252"/>
    <property name="java.vm.name" value="Java HotSpot(TM) 64-Bit Server VM"/>
    <property name="java.vendor.version" value="18.9"/>
    <property name="localRepository" value="C:\Users\E21057649\.m2\repository"/>
    <property name="java.vendor.url.bug" value="https://bugreport.java.com/bugreport/"/>
    <property name="java.io.tmpdir" value="C:\Users\E21057~1\AppData\Local\Temp\"/>
    <property name="java.version" value="11.0.26"/>
    <property name="user.dir" value="C:\Users\E21057649\eclipse-workspace\com.gestorcoi"/>
    <property name="os.arch" value="amd64"/>
    <property name="java.vm.specification.name" value="Java Virtual Machine Specification"/>
    <property name="java.awt.printerjob" value="sun.awt.windows.WPrinterJob"/>
    <property name="sun.os.patch.level" value=""/>
    <property name="java.library.path" value="C:\Users\E21057649\Documents\jdk-11.0.26\bin;C:\WINDOWS\Sun\Java\bin;C:\WINDOWS\system32;C:\WINDOWS;C:\Program Files (x86)\Common Files\Oracle\Java\java8path;C:\Program Files (x86)\Common Files\Oracle\Java\javapath;C:\Oracle\ora12_x64\product\12.1.0\client_1\bin;C:\Oracle\ora12_x86\product\12.1.0\client_1\bin;C:\Oracle\ora11_x86\product\11.2.0\client_1\bin;C:\WINDOWS\system32;C:\WINDOWS;C:\WINDOWS\System32\Wbem;C:\WINDOWS\System32\WindowsPowerShell\v1.0\;C:\WINDOWS\System32\OpenSSH\;C:\Program Files\ServiceNow;C:\Program Files\ServiceNow;C:\Users\E21057649\AppData\Local\Microsoft\WindowsApps;C:\Users\E21057649\AppData\Local\Programs\Microsoft VS Code\bin;C:\Users\E21057649\Documents\jdk-11.0.26\bin;C:\Users\E21057649\Documents\apache-maven-3.9.9\bin;C:\Program Files (x86)\Java\jre-1.8\bin;C:\Users\E21057649\AppData\Local\Programs\Git\cmd;."/>
    <property name="java.vendor" value="Oracle Corporation"/>
    <property name="java.vm.info" value="mixed mode"/>
    <property name="java.vm.version" value="11.0.26+7-LTS-187"/>
    <property name="java.specification.maintenance.version" value="3"/>
    <property name="sun.io.unicode.encoding" value="UnicodeLittle"/>
    <property name="java.class.version" value="55.0"/>
  </properties>
  <testcase name="testApp" classname="com.gestorcoi.com.gestorcoi.AppTest" time="0.0"/>
</testsuite>